impact of homophily term
Generating negative set...
Variables initialized
Loss: 11642.46484375
Loss: 11654.740234375
Loss: 11561.369140625
Loss: 11408.66015625
Loss: 11462.3466796875
Loss: 11346.044921875
Loss: 11334.96875
Loss: 11220.8125
Loss: 11287.49609375
Loss: 11140.732421875
Loss: 10852.4921875
Loss: 10759.607421875
Loss: 10908.9541015625
Loss: 10645.59375
Loss: 10743.568359375
Loss: 10554.201171875
Loss: 10498.3759765625
Loss: 10408.7900390625
Loss: 10248.5107421875
Loss: 10228.0771484375
Loss: 10294.8857421875
Loss: 10281.400390625
Loss: 10008.751953125
Loss: 9931.8994140625
Loss: 9766.43359375
-----------------------------------------
Iteration 250
Test Accuracy: 0.32816986045269414
-----------------------------------------
-----------------------------------------
Iteration 250
Train Accuracy: 0.47556456420651005
-----------------------------------------
Loss: 9755.3369140625
Loss: 9630.4140625
Loss: 9583.23046875
Loss: 9639.337890625
Loss: 9546.8408203125
Loss: 9455.111328125
Loss: 9310.0576171875
Loss: 9311.57421875
Loss: 9177.0244140625
Loss: 9162.8271484375
-----------------------------------------
Iteration 350
Test Accuracy: 0.3402328014066012
-----------------------------------------
-----------------------------------------
Iteration 350
Train Accuracy: 0.5023965661142243
-----------------------------------------
Loss: 9171.181640625
Loss: 9103.3525390625
Loss: 9022.51953125
Loss: 8865.88671875
Loss: 8802.525390625
Loss: 8929.591796875
Loss: 8611.490234375
Loss: 8587.40625
Loss: 8483.8427734375
Loss: 8553.9013671875
-----------------------------------------
Iteration 450
Test Accuracy: 0.33965413634239167
-----------------------------------------
-----------------------------------------
Iteration 450
Train Accuracy: 0.5198378442828187
-----------------------------------------
Loss: 8414.1884765625
Loss: 8370.849609375
Loss: 8300.255859375
Loss: 8213.3974609375
Loss: 8177.56201171875
Loss: 8074.38671875
Loss: 8064.822265625
Loss: 8075.94677734375
Loss: 7850.55029296875
Loss: 7892.71728515625
-----------------------------------------
Iteration 550
Test Accuracy: 0.33965413634239167
-----------------------------------------
-----------------------------------------
Iteration 550
Train Accuracy: 0.5320710623584118
-----------------------------------------
Loss: 7794.74755859375
Loss: 7705.583984375
Loss: 7597.333984375
Loss: 7553.607421875
Loss: 7495.91162109375
Loss: 7438.42529296875
Loss: 7503.52880859375
Loss: 7306.6748046875
Loss: 7416.4814453125
Loss: 7189.90087890625
-----------------------------------------
Iteration 650
Test Accuracy: 0.33869711335158353
-----------------------------------------
-----------------------------------------
Iteration 650
Train Accuracy: 0.541409323953738
-----------------------------------------
