impact of first term
Generating negative set...
Variables initialized
Loss: 408.8423767089844
Loss: 298.4790344238281
Loss: 282.0451354980469
Getting test pairs output
Getting random pairs output
-----------------------------------------
Iteration 60
Test Accuracy: 0.39374819167167435
-----------------------------------------
Loss: 252.38412475585938
Getting test pairs output
Getting random pairs output
-----------------------------------------
Iteration 80
Test Accuracy: 0.3937704480202978
-----------------------------------------
Loss: 242.679443359375
Getting test pairs output
Getting random pairs output
-----------------------------------------
Iteration 100
Test Accuracy: 0.38273129910306913
-----------------------------------------
##########################################
Margin 1.0
a1 0.01, a2 0.0, a3 0.0
Average accuracy 0.39008331293168047
##########################################
Generating negative set...
Variables initialized
Loss: 434.45050048828125
Loss: 309.514404296875
Loss: 271.5093078613281
Getting test pairs output
Getting random pairs output
-----------------------------------------
Iteration 60
Test Accuracy: 0.4003249426899023
-----------------------------------------
Loss: 299.0904846191406
Getting test pairs output
Getting random pairs output
-----------------------------------------
Iteration 80
Test Accuracy: 0.4050321604237609
-----------------------------------------
Loss: 278.3558044433594
Getting test pairs output
Getting random pairs output
-----------------------------------------
Iteration 100
Test Accuracy: 0.40239478311188265
-----------------------------------------
##########################################
Margin 1.0
a1 0.1, a2 0.0, a3 0.0
Average accuracy 0.40258396207518193
##########################################
Generating negative set...
Variables initialized
Loss: 356.872802734375
Loss: 365.18267822265625
Loss: 337.9131164550781
Getting test pairs output
Getting random pairs output
-----------------------------------------
Iteration 60
Test Accuracy: 0.41965458146936413
-----------------------------------------
Loss: 310.5177001953125
Getting test pairs output
Getting random pairs output
-----------------------------------------
Iteration 80
Test Accuracy: 0.41748458747857825
-----------------------------------------
Loss: 304.88885498046875
Getting test pairs output
Getting random pairs output
-----------------------------------------
Iteration 100
Test Accuracy: 0.4073579488549109
-----------------------------------------
##########################################
Margin 1.0
a1 1.0, a2 0.0, a3 0.0
Average accuracy 0.41483237260095107
##########################################
Generating negative set...
Variables initialized
Loss: 873.321044921875
Loss: 779.0255126953125
Loss: 751.689208984375
Getting test pairs output
Getting random pairs output
-----------------------------------------
Iteration 60
Test Accuracy: 0.43581269056998506
-----------------------------------------
Loss: 575.4993286132812
Getting test pairs output
Getting random pairs output
-----------------------------------------
Iteration 80
Test Accuracy: 0.4156484387171441
-----------------------------------------
Loss: 633.078369140625
Getting test pairs output
Getting random pairs output
-----------------------------------------
Iteration 100
Test Accuracy: 0.37747880082793617
-----------------------------------------
##########################################
Margin 1.0
a1 10.0, a2 0.0, a3 0.0
Average accuracy 0.4096466433716885
##########################################
