impact of homophily term
Generating negative set...
Variables initialized
Loss: 13585.4296875
Loss: 13658.2734375
Loss: 13434.14453125
Loss: 13377.826171875
Loss: 13255.845703125
Loss: 13306.5986328125
Loss: 12932.0537109375
Loss: 12763.30859375
Loss: 13124.76171875
Loss: 12866.78515625
Loss: 12700.5302734375
Loss: 12677.2958984375
Loss: 12448.02734375
Loss: 12342.3212890625
Loss: 12433.60546875
Loss: 12263.4150390625
Loss: 12103.7119140625
Loss: 11962.1064453125
Loss: 12000.7294921875
Loss: 11724.177734375
Loss: 11669.40625
Loss: 11471.8701171875
Loss: 11427.416015625
Loss: 11536.9794921875
Loss: 11447.080078125
Loss: 11300.2236328125
Loss: 11211.189453125
Loss: 11018.7080078125
Loss: 10901.087890625
Loss: 10878.5224609375
Loss: 10794.52734375
Loss: 10583.9072265625
Loss: 10406.46484375
Loss: 10497.60546875
Loss: 10363.0556640625
Loss: 10352.2197265625
Loss: 10182.453125
Loss: 10029.9560546875
Loss: 10131.322265625
Loss: 10015.3212890625
Loss: 9833.087890625
Loss: 9734.892578125
Loss: 9712.9130859375
Loss: 9620.7109375
Loss: 9535.55078125
Loss: 9501.74609375
Loss: 9411.0966796875
Loss: 9326.833984375
Loss: 9270.0888671875
Loss: 9031.1416015625
Loss: 8937.6904296875
Loss: 8970.017578125
Loss: 8938.76953125
Loss: 8833.669921875
Loss: 8684.150390625
Loss: 8647.40234375
Loss: 8661.4326171875
Loss: 8524.57421875
Loss: 8458.8544921875
Loss: 8379.646484375
Loss: 8254.7529296875
Loss: 8277.8984375
Loss: 8133.34130859375
Loss: 8107.07470703125
Loss: 7973.82470703125
Loss: 7846.1796875
Loss: 7822.2734375
Loss: 7714.8525390625
Loss: 7813.21044921875
Loss: 7709.98876953125
Loss: 7658.24560546875
Loss: 7406.03369140625
Loss: 7568.50048828125
Loss: 7399.43603515625
Loss: 7364.767578125
Loss: 7436.9716796875
Loss: 7196.33203125
Loss: 7160.72900390625
Loss: 7090.595703125
Loss: 6997.6416015625
Loss: 6866.9130859375
Loss: 6940.6708984375
Loss: 6951.2724609375
Loss: 6801.84716796875
Loss: 6776.77978515625
Loss: 6559.7919921875
Loss: 6641.8076171875
Loss: 6559.974609375
Loss: 6609.5654296875
Loss: 6536.88232421875
-----------------------------------------
Iteration 900
Test Accuracy: 0.25640426431639624
-----------------------------------------
Loss: 6423.69482421875
Loss: 6247.08544921875
Loss: 6272.31982421875
Loss: 6244.62255859375
Loss: 6158.5087890625
Loss: 6080.87158203125
Loss: 6058.55078125
Loss: 5987.7783203125
Loss: 5956.4560546875
Loss: 5863.8193359375
-----------------------------------------
Iteration 1000
Test Accuracy: 0.25430103937148074
-----------------------------------------
Loss: 5954.0498046875
Loss: 5808.7060546875
Loss: 5700.169921875
Loss: 5649.93505859375
Loss: 5710.6328125
Loss: 5584.076171875
Loss: 5560.21142578125
Loss: 5507.2158203125
Loss: 5403.4384765625
Loss: 5397.58544921875
-----------------------------------------
Iteration 1100
Test Accuracy: 0.2508179208119116
-----------------------------------------
##########################################
Margin 1.0
a1 0.1
Average accuracy 0.2538410748332629
Number of iterations 1101
##########################################
Generating negative set...
Variables initialized
Loss: 119677.46875
Loss: 121572.7265625
Loss: 119926.796875
Loss: 118699.1796875
Loss: 116993.890625
Loss: 114554.8125
Loss: 111459.6953125
Loss: 110806.0
Loss: 109350.7890625
Loss: 108535.6953125
Loss: 106978.2890625
Loss: 106615.9140625
Loss: 102580.21875
Loss: 103364.7421875
Loss: 101911.2578125
Loss: 98209.6953125
Loss: 96490.8828125
Loss: 95969.5625
Loss: 95428.6796875
Loss: 92828.625
Loss: 91406.3828125
Loss: 89929.8203125
Loss: 88354.109375
Loss: 87826.9140625
Loss: 86757.4296875
Loss: 85894.4140625
Loss: 82294.6875
Loss: 82444.6328125
Loss: 81398.0625
Loss: 80679.6484375
Loss: 78081.859375
Loss: 76300.96875
Loss: 76131.65625
Loss: 73633.4140625
Loss: 73095.3984375
Loss: 71851.265625
Loss: 69726.3125
Loss: 69162.2578125
Loss: 68420.4765625
Loss: 66945.96875
Loss: 65449.25
Loss: 64573.98046875
Loss: 62864.99609375
Loss: 61324.8046875
Loss: 60637.10546875
Loss: 59402.4765625
Loss: 59001.01953125
Loss: 57724.84375
Loss: 56801.859375
Loss: 57298.17578125
Loss: 54283.66015625
Loss: 53703.33984375
Loss: 52377.0859375
Loss: 51272.34765625
Loss: 51473.04296875
Loss: 50113.5859375
Loss: 49137.8125
Loss: 48245.7421875
Loss: 47131.0078125
Loss: 46110.43359375
Loss: 45150.640625
Loss: 44161.12109375
Loss: 44227.171875
Loss: 43000.0859375
Loss: 42498.9375
Loss: 41237.640625
Loss: 40615.3125
Loss: 40390.546875
Loss: 38107.578125
Loss: 38612.8515625
Loss: 38179.16796875
Loss: 37297.88671875
Loss: 35892.26171875
Loss: 35747.9375
Loss: 34454.08984375
Loss: 33856.73828125
Loss: 33037.8984375
Loss: 32601.654296875
Loss: 31783.0078125
Loss: 31714.1484375
Loss: 30982.134765625
Loss: 30150.77734375
Loss: 29956.888671875
Loss: 29242.490234375
Loss: 28958.494140625
Loss: 28037.158203125
Loss: 27564.5234375
Loss: 27598.892578125
Loss: 26278.20703125
Loss: 26332.724609375
-----------------------------------------
Iteration 900
Test Accuracy: 0.37165876566290534
-----------------------------------------
Loss: 25586.705078125
Loss: 25632.921875
Loss: 24565.775390625
Loss: 24186.580078125
Loss: 23759.033203125
Loss: 23517.34375
Loss: 22911.48828125
Loss: 22615.6171875
Loss: 21861.98046875
Loss: 21915.498046875
-----------------------------------------
Iteration 1000
Test Accuracy: 0.37126927956199507
-----------------------------------------
Loss: 21262.546875
Loss: 20805.650390625
Loss: 20113.30859375
Loss: 20163.08203125
Loss: 19506.068359375
Loss: 19068.5625
Loss: 18819.001953125
Loss: 18645.357421875
Loss: 17885.1875
Loss: 17775.419921875
-----------------------------------------
Iteration 1100
Test Accuracy: 0.36996728316752353
-----------------------------------------
##########################################
Margin 1.0
a1 1.0
Average accuracy 0.3709651094641413
Number of iterations 1101
##########################################
Generating negative set...
Variables initialized
Loss: 1188047.25
Loss: 1157368.125
Loss: 1129465.875
Loss: 1120482.5
Loss: 1101228.25
Loss: 1064928.25
Loss: 1064542.875
Loss: 1041994.4375
Loss: 1030724.4375
Loss: 1020387.3125
Loss: 1000839.1875
Loss: 982045.3125
Loss: 959410.5
Loss: 930847.125
Loss: 938470.875
Loss: 916031.5625
Loss: 893154.0625
Loss: 875832.0
Loss: 865709.0625
Loss: 868176.6875
Loss: 840694.0
Loss: 827214.4375
Loss: 819804.0
Loss: 811021.625
Loss: 789020.0
Loss: 778742.375
Loss: 761507.1875
Loss: 748755.875
Loss: 737352.875
Loss: 726554.9375
Loss: 713928.0625
Loss: 700247.75
Loss: 683817.5
Loss: 681506.0
Loss: 655331.3125
Loss: 650874.4375
Loss: 636545.625
Loss: 621066.4375
Loss: 603259.75
Loss: 598253.0625
Loss: 603566.25
Loss: 582176.1875
Loss: 568697.0
Loss: 561081.625
Loss: 558457.625
Loss: 542398.0
Loss: 532140.5
Loss: 519506.03125
Loss: 514447.625
Loss: 496326.21875
Loss: 500513.5
Loss: 495155.84375
Loss: 482300.9375
Loss: 465571.6875
Loss: 457555.03125
Loss: 443987.46875
Loss: 434138.96875
Loss: 432436.03125
Loss: 422050.28125
Loss: 419840.15625
Loss: 408927.34375
Loss: 403453.34375
Loss: 394296.53125
Loss: 386701.5625
Loss: 375793.3125
Loss: 370302.78125
Loss: 361827.625
Loss: 357867.40625
Loss: 354979.5625
Loss: 347438.9375
Loss: 345531.09375
Loss: 330490.84375
Loss: 327965.375
Loss: 323123.0625
Loss: 316584.3125
Loss: 308286.3125
Loss: 303632.21875
Loss: 294882.1875
Loss: 287850.03125
Loss: 286511.375
Loss: 278828.84375
Loss: 271657.625
Loss: 264181.40625
Loss: 266759.3125
Loss: 258512.765625
Loss: 257371.46875
Loss: 244694.359375
Loss: 244695.21875
Loss: 238605.75
Loss: 235405.78125
-----------------------------------------
Iteration 900
Test Accuracy: 0.3636464801584652
-----------------------------------------
Loss: 224307.0625
Loss: 223938.734375
Loss: 219586.265625
Loss: 219018.359375
Loss: 211090.71875
Loss: 204576.8125
Loss: 206462.53125
Loss: 198201.03125
Loss: 196588.578125
Loss: 189684.234375
-----------------------------------------
Iteration 1000
Test Accuracy: 0.3690881573968975
-----------------------------------------
Loss: 187445.640625
Loss: 182609.1875
Loss: 183449.65625
Loss: 180131.9375
Loss: 172817.296875
Loss: 168827.96875
Loss: 164310.15625
Loss: 164235.53125
Loss: 161450.796875
Loss: 154521.78125
-----------------------------------------
Iteration 1100
Test Accuracy: 0.3735616834702099
-----------------------------------------
##########################################
Margin 1.0
a1 10.0
Average accuracy 0.3687654403418576
Number of iterations 1101
##########################################
